 [1] "D/D" "D/I" "D/D" "I/I" "D/D" "D/D" "D/D" "D/D" "I/I" "NA" 
Alleles: D I 
 [1] "C/C" "C/T" "C/C" "T/T" "C/C" "C/C" "C/C" "C/C" "T/T" "NA" 
Alleles: C T 
 [1] "D/D" "D/I" "D/D" "I/I" "D/D" "D/D" "D/D" "D/D" "I/I" "NA" 
Alleles: D I 
 [1] "D/D" "D/I" "D/D" "I/I" "D/D" "D/D" "D/D" "D/D" "I/I" "NA" 
Alleles: D I 
 [1] "D/D" "D/I" "D/D" "I/I" "D/D" "D/D" "D/D" "D/D" "I/I" "NA" 
Alleles: D I 

Allele Frequency:
   Count Proportion
D     13       0.72
I      5       0.28
NA     2         NA

Genotype Frequency:
    Count Proportion
D/D     6       0.67
D/I     1       0.11
I/I     2       0.22
NA      1         NA


Allele Frequency:
   Count Proportion
D     13       0.72
I      5       0.28
NA     2         NA

Genotype Frequency:
    Count Proportion
D/D     6       0.67
D/I     1       0.11
I/I     2       0.22
NA      1         NA

    g1       g2       g3       g4   
 D/D :6   C/C :6   D/D :6   D/D :6  
 D/I :1   C/T :1   D/I :1   D/I :1  
 I/I :2   T/T :2   I/I :2   I/I :2  
 NA's:1   NA's:1   NA's:1   NA's:1  
Allele Count (I allele):
 [1]  0  1  0  2  0  0  0  0  2 NA
Allele Counts:
       D  I
 [1,]  2  0
 [2,]  1  1
 [3,]  2  0
 [4,]  0  2
 [5,]  2  0
 [6,]  2  0
 [7,]  2  0
 [8,]  2  0
 [9,]  0  2
[10,] NA NA
 [1] "D/D" "D/I" "D/D" "I/I" "D/D" "D/D" "D/D" "D/D" "I/I" "NA" 
Alleles: D I 
[1] TRUE TRUE TRUE
[1]  TRUE FALSE FALSE
[1] TRUE TRUE TRUE

Test for Hardy-Wienburg-Equilibrium

Call: 
HWE.test.genotype(x = test4)

Disequlibrium Estimate:
D-hat=-0.1111111

Significance Tests:
           test.stat   p-value lower 95% CI upper 95% CI
z         -0.5773503 0.5637029   -0.3625792     0.140357
chisq      0.7500000 0.3864762           NA           NA
chisq-adj  0.1250000 0.7236736           NA           NA



Call:
lm(formula = w ~ allele.count(sg, "C"))

Residuals:
    Min      1Q  Median      3Q     Max 
-2.3480 -0.7980  0.0920  0.6635  2.4335 

Coefficients:
                      Estimate Std. Error t value Pr(>|t|)    
(Intercept)             1.1780     0.2735   4.308  9.4e-05 ***
allele.count(sg, "C")  -0.0015     0.2368  -0.006    0.995    
---
Signif. codes:  0  `***'  0.001  `**'  0.01  `*'  0.05  `.'  0.1  ` '  1 

Residual standard error: 1.171 on 43 degrees of freedom
Multiple R-Squared: 9.329e-07,	Adjusted R-squared: -0.02325 
F-statistic: 4.012e-05 on 1 and 43 degrees of freedom,	p-value: 0.995 


Call:
lm(formula = w ~ allele.ind(sg, "C") + allele.ind(sg, "T"))

Residuals:
    Min      1Q  Median      3Q     Max 
-2.0393 -0.6995  0.1805  0.6005  2.1707 

Coefficients:
                    Estimate Std. Error t value Pr(>|t|)  
(Intercept)         -0.05817    0.51339  -0.113   0.9103  
allele.ind(sg, "C")  0.77017    0.37673   2.044   0.0472 *
allele.ind(sg, "T")  0.92750    0.42717   2.171   0.0356 *
---
Signif. codes:  0  `***'  0.001  `**'  0.01  `*'  0.05  `.'  0.1  ` '  1 

Residual standard error: 1.103 on 42 degrees of freedom
Multiple R-Squared: 0.1333,	Adjusted R-squared: 0.09206 
F-statistic: 3.231 on 2 and 42 degrees of freedom,	p-value: 0.04954 

Response Other :

Call:
lm(formula = Other ~ mg)

Residuals:
    Min      1Q  Median      3Q     Max 
-1.0517 -0.3694 -0.0625  0.3656  1.5183 

Coefficients:
              Estimate Std. Error t value Pr(>|t|)  
(Intercept)     0.1650     0.2841   0.581   0.5714  
mgD/I           0.5050     0.7517   0.672   0.5135  
mgI/I          -0.7125     0.4492  -1.586   0.1368  
mgOther/I       1.9050     0.7517   2.534   0.0249 *
mgOther/Other   0.9367     0.4018   2.331   0.0365 *
---
Signif. codes:  0  `***'  0.001  `**'  0.01  `*'  0.05  `.'  0.1  ` '  1 

Residual standard error: 0.696 on 13 degrees of freedom
Multiple R-Squared: 0.6061,	Adjusted R-squared: 0.4849 
F-statistic:     5 on 4 and 13 degrees of freedom,	p-value: 0.01158 


Response D :

Call:
lm(formula = D ~ mg)

Residuals:
    Min      1Q  Median      3Q     Max 
-1.0517 -0.3694 -0.0625  0.3656  1.5183 

Coefficients:
              Estimate Std. Error t value Pr(>|t|)   
(Intercept)     1.1650     0.2841   4.100  0.00125 **
mgD/I           0.5050     0.7517   0.672  0.51348   
mgI/I          -1.7125     0.4492  -3.812  0.00216 **
mgOther/I      -0.0950     0.7517  -0.126  0.90137   
mgOther/Other  -1.0633     0.4018  -2.646  0.02015 * 
---
Signif. codes:  0  `***'  0.001  `**'  0.01  `*'  0.05  `.'  0.1  ` '  1 

Residual standard error: 0.696 on 13 degrees of freedom
Multiple R-Squared: 0.6051,	Adjusted R-squared: 0.4836 
F-statistic:  4.98 on 4 and 13 degrees of freedom,	p-value: 0.01176 


Response I :

Call:
lm(formula = I ~ mg)

Residuals:
    Min      1Q  Median      3Q     Max 
-1.0517 -0.3694 -0.0625  0.3656  1.5183 

Coefficients:
              Estimate Std. Error t value Pr(>|t|)  
(Intercept)    0.16500    0.28413   0.581   0.5714  
mgD/I          1.50500    0.75172   2.002   0.0666 .
mgI/I          0.28750    0.44924   0.640   0.5333  
mgOther/I      1.90500    0.75172   2.534   0.0249 *
mgOther/Other -0.06333    0.40181  -0.158   0.8772  
---
Signif. codes:  0  `***'  0.001  `**'  0.01  `*'  0.05  `.'  0.1  ` '  1 

Residual standard error: 0.696 on 13 degrees of freedom
Multiple R-Squared: 0.456,	Adjusted R-squared: 0.2886 
F-statistic: 2.724 on 4 and 13 degrees of freedom,	p-value: 0.07578 


[1] "Other" "D"     "I"    
Response Other :

Call:
lm(formula = Other ~ allele.count(mg))

Residuals:
    Min      1Q  Median      3Q     Max 
-1.1837 -0.5711 -0.0847  0.3322  1.5847 

Coefficients: (1 not defined because of singularities)
                      Estimate Std. Error t value Pr(>|t|)  
(Intercept)            -0.2631     0.3806  -0.691   0.4999  
allele.count(mg)Other   0.7484     0.2552   2.933   0.0103 *
allele.count(mg)D       0.2428     0.2552   0.952   0.3564  
---
Signif. codes:  0  `***'  0.001  `**'  0.01  `*'  0.05  `.'  0.1  ` '  1 

Residual standard error: 0.8055 on 15 degrees of freedom
Multiple R-Squared: 0.3911,	Adjusted R-squared:  0.31 
F-statistic: 4.818 on 2 and 15 degrees of freedom,	p-value: 0.0242 


Response D :

Call:
lm(formula = D ~ allele.count(mg))

Residuals:
    Min      1Q  Median      3Q     Max 
-1.1437 -0.5611 -0.1047  0.3122  1.4263 

Coefficients: (1 not defined because of singularities)
                      Estimate Std. Error t value Pr(>|t|)   
(Intercept)            -0.2631     0.3724  -0.707  0.49064   
allele.count(mg)Other   0.2284     0.2497   0.915  0.37474   
allele.count(mg)D       0.7628     0.2497   3.055  0.00802 **
---
Signif. codes:  0  `***'  0.001  `**'  0.01  `*'  0.05  `.'  0.1  ` '  1 

Residual standard error: 0.7882 on 15 degrees of freedom
Multiple R-Squared: 0.4156,	Adjusted R-squared: 0.3377 
F-statistic: 5.334 on 2 and 15 degrees of freedom,	p-value: 0.0178 


Response I :

Call:
lm(formula = I ~ allele.count(mg))

Residuals:
    Min      1Q  Median      3Q     Max 
-1.1816 -0.6107 -0.1304  0.3043  1.5590 

Coefficients: (1 not defined because of singularities)
                      Estimate Std. Error t value Pr(>|t|)  
(Intercept)             0.7904     0.3981   1.986   0.0657 .
allele.count(mg)Other  -0.2794     0.2669  -1.047   0.3118  
allele.count(mg)D      -0.2650     0.2669  -0.993   0.3365  
---
Signif. codes:  0  `***'  0.001  `**'  0.01  `*'  0.05  `.'  0.1  ` '  1 

Residual standard error: 0.8426 on 15 degrees of freedom
Multiple R-Squared: 0.0799,	Adjusted R-squared: -0.04278 
F-statistic: 0.6513 on 2 and 15 degrees of freedom,	p-value: 0.5355 


[1] "Other" "D"     "I"    
Response Other :

Call:
lm(formula = Other ~ allele.ind(mg))

Residuals:
    Min      1Q  Median      3Q     Max 
-1.0848 -0.3942 -0.1069  0.3408  1.4852 

Coefficients:
                    Estimate Std. Error t value Pr(>|t|)   
(Intercept)          -1.2842     0.6167  -2.082  0.05613 . 
allele.ind(mg)Other   2.4189     0.6122   3.951  0.00145 **
allele.ind(mg)D       1.4161     0.6122   2.313  0.03645 * 
allele.ind(mg)I       0.7367     0.5159   1.428  0.17527   
---
Signif. codes:  0  `***'  0.001  `**'  0.01  `*'  0.05  `.'  0.1  ` '  1 

Residual standard error: 0.6755 on 14 degrees of freedom
Multiple R-Squared: 0.6003,	Adjusted R-squared: 0.5147 
F-statistic: 7.009 on 3 and 14 degrees of freedom,	p-value: 0.004126 


Response D :

Call:
lm(formula = D ~ allele.ind(mg))

Residuals:
    Min      1Q  Median      3Q     Max 
-1.0848 -0.3942 -0.1069  0.3408  1.4852 

Coefficients:
                    Estimate Std. Error t value Pr(>|t|)   
(Intercept)          -1.2842     0.6167  -2.082  0.05613 . 
allele.ind(mg)Other   1.4189     0.6122   2.318  0.03613 * 
allele.ind(mg)D       2.4161     0.6122   3.946  0.00146 **
allele.ind(mg)I       0.7367     0.5159   1.428  0.17527   
---
Signif. codes:  0  `***'  0.001  `**'  0.01  `*'  0.05  `.'  0.1  ` '  1 

Residual standard error: 0.6755 on 14 degrees of freedom
Multiple R-Squared: 0.5993,	Adjusted R-squared: 0.5135 
F-statistic:  6.98 on 3 and 14 degrees of freedom,	p-value: 0.004196 


Response I :

Call:
lm(formula = I ~ allele.ind(mg))

Residuals:
    Min      1Q  Median      3Q     Max 
-1.0848 -0.3942 -0.1069  0.3408  1.4852 

Coefficients:
                    Estimate Std. Error t value Pr(>|t|)   
(Intercept)          -1.2842     0.6167  -2.082  0.05613 . 
allele.ind(mg)Other   1.4189     0.6122   2.318  0.03613 * 
allele.ind(mg)D       1.4161     0.6122   2.313  0.03645 * 
allele.ind(mg)I       1.7367     0.5159   3.366  0.00461 **
---
Signif. codes:  0  `***'  0.001  `**'  0.01  `*'  0.05  `.'  0.1  ` '  1 

Residual standard error: 0.6755 on 14 degrees of freedom
Multiple R-Squared: 0.448,	Adjusted R-squared: 0.3298 
F-statistic: 3.788 on 3 and 14 degrees of freedom,	p-value: 0.0352 


 [1] "DD/DD" "DD/I"  "DD/DD" "I/I"   "DD/DD" "DD/DD" "DD/DD" "DD/DD" "I/I"  
[10] "NA"    "I/NA" 
Alleles: DD I 

Allele Frequency:
   Count Proportion
DD    13       0.68
I      6       0.32
NA     3         NA

Genotype Frequency:
      Count Proportion
DD/DD     6        0.6
DD/I      1        0.1
I/I       2        0.2
I/NA      1        0.1
NA        1         NA

 [1] "D/D"  "D/I"  "D/D"  "I/I"  "D/D"  "D/D"  "D/D"  "D/D"  "I/I"  "NA"  
[11] "I/NA"
Alleles: D I 
 [1] "D/D"  "D/I"  "D/D"  "I/I"  "D/D"  "D/D"  "D/D"  "D/D"  "I/I"  "NA"  
[11] "NA"   "I/NA"
Alleles: D I 

Allele Frequency:
   Count Proportion
DD    13       0.68
I      6       0.32
NA     3         NA

Genotype Frequency:
      Count Proportion
DD/DD     6        0.6
DD/I      1        0.1
I/I       2        0.2
I/NA      1        0.1
NA        1         NA

 [1] "D/D"  "D/I"  "D/D"  "I/I"  "D/D"  "D/D"  "D/D"  "D/D"  "I/I"  "NA"  
[11] "I/NA"
Alleles: D I 
 [1] "D/D"  "D/I"  "D/D"  "I/I"  "D/D"  "D/D"  "D/D"  "D/D"  "I/I"  "NA"  
[11] "NA/I"
Alleles: D I 
 [1] FALSE  TRUE FALSE FALSE FALSE FALSE FALSE FALSE FALSE    NA    NA
 [1]  TRUE FALSE  TRUE  TRUE  TRUE  TRUE  TRUE  TRUE  TRUE    NA    NA
 [1]  TRUE  TRUE  TRUE FALSE  TRUE  TRUE  TRUE  TRUE FALSE    NA    NA
 [1] "D/D"  "D/I"  "D/D"  "I/I"  "D/D"  "D/D"  "D/D"  "D/D"  "D/D"  "D/I" 
[11] "I/NA"
Alleles: D I 
[1] "D/D" "D/I"
Alleles: D I 
[1] "D" "D"
[1] "D" "D"

