This is pdfTeX, Version 3.14159-13d (Web2C 7.3.1) (format=pdflatex 2002.7.17)  14 NOV 2002 15:24
**genetics_article.tex
(genetics_article.tex[/net/gsun492/Volumes/app/appman/share/texmf/pdftex/config
/pdftex.cfg]
LaTeX2e <1999/12/01> patch level 1
Babel <v3.6Z> and hyphenation patterns for american, french, german, ngerman, n
ohyphenation, loaded.
(/net/gsun492/Volumes/app/appman/share/texmf/tex/latex/base/report.cls
Document Class: report 1999/09/10 v1.4a Standard LaTeX document class
(/net/gsun492/Volumes/app/appman/share/texmf/tex/latex/base/size10.clo
File: size10.clo 1999/09/10 v1.4a Standard LaTeX file (size option)
)
\c@part=\count79
\c@chapter=\count80
\c@section=\count81
\c@subsection=\count82
\c@subsubsection=\count83
\c@paragraph=\count84
\c@subparagraph=\count85
\c@figure=\count86
\c@table=\count87
\abovecaptionskip=\skip41
\belowcaptionskip=\skip42
\bibindent=\dimen102
)
(Rnews.sty
Package: Rnews 2001/09/04 v0.3.1 Rnews package

Package: `Rnews v0.3.1    <2001/09/04>'
English documentation as of <2001/09/04>
(/net/gsun492/Volumes/app/appman/share/texmf/tex/latex/base/ifthen.sty
Package: ifthen 1999/09/10 v1.1b Standard LaTeX ifthen package (DPC)
)
(/net/gsun492/Volumes/app/appman/share/texmf/tex/latex/tools/multicol.sty
Package: multicol 1999/10/21 v1.5w multicolumn formatting (FMi)
\c@tracingmulticols=\count88
\mult@box=\box26
\multicol@leftmargin=\dimen103
\c@unbalance=\count89
\c@collectmore=\count90
\doublecol@number=\count91
\multicoltolerance=\count92
\multicolpretolerance=\count93
\full@width=\dimen104
\page@free=\dimen105
\premulticols=\dimen106
\postmulticols=\dimen107
\multicolsep=\skip43
\multicolbaselineskip=\skip44
\partial@page=\box27
\last@line=\box28
\mult@rightbox=\box29
\mult@grightbox=\box30
\mult@gfirstbox=\box31
\mult@firstbox=\box32
\@tempa=\box33
\@tempa=\box34
\@tempa=\box35
\@tempa=\box36
\@tempa=\box37
\@tempa=\box38
\@tempa=\box39
\@tempa=\box40
\@tempa=\box41
\@tempa=\box42
\@tempa=\box43
\@tempa=\box44
\@tempa=\box45
\@tempa=\box46
\@tempa=\box47
\@tempa=\box48
\@tempa=\box49
\c@columnbadness=\count94
\c@finalcolumnbadness=\count95
\last@try=\dimen108
\multicolovershoot=\dimen109
\multicolundershoot=\dimen110
\mult@nat@firstbox=\box50
\colbreak@box=\box51
)
(/net/gsun492/Volumes/app/appman/share/texmf/tex/latex/graphics/graphicx.sty
Package: graphicx 1999/02/16 v1.0f Enhanced LaTeX Graphics (DPC,SPQR)

(/net/gsun492/Volumes/app/appman/share/texmf/tex/latex/graphics/keyval.sty
Package: keyval 1999/03/16 v1.13 key=value parser (DPC)
\KV@toks@=\toks14
)
(/net/gsun492/Volumes/app/appman/share/texmf/tex/latex/graphics/graphics.sty
Package: graphics 1999/02/16 v1.0l Standard LaTeX Graphics (DPC,SPQR)

(/net/gsun492/Volumes/app/appman/share/texmf/tex/latex/graphics/trig.sty
Package: trig 1999/03/16 v1.09 sin cos tan (DPC)
)
(/net/gsun492/Volumes/app/appman/share/texmf/tex/latex/config/graphics.cfg)
Package graphics Info: Driver file: pdftex.def on input line 80.

(/net/gsun492/Volumes/app/appman/share/texmf/tex/latex/graphics/pdftex.def
File: pdftex.def 1999/10/13 v0.02r graphics/color for pdftex
\Gread@gobject=\count96
))
\Gin@req@height=\dimen111
\Gin@req@width=\dimen112
)
(/net/gsun492/Volumes/app/appman/share/texmf/tex/latex/graphics/color.sty
Package: color 1999/02/16 v1.0i Standard LaTeX Color (DPC)

(/net/gsun492/Volumes/app/appman/share/texmf/tex/latex/config/color.cfg)
Package color Info: Driver file: pdftex.def on input line 125.
)
(/net/gsun492/Volumes/app/appman/share/texmf/tex/latex/fancyhdr/fancyhdr.sty
\headwidth=\dimen113
)
(/net/gsun492/Volumes/app/appman/share/texmf/tex/latex/hyperref/hyperref.sty
Package: hyperref 2000/01/22 v6.69c Hypertext links for LaTeX
\@linkdim=\dimen114
\Hy@linkcounter=\count97
\Hy@pagecounter=\count98

(/net/gsun492/Volumes/app/appman/share/texmf/tex/latex/hyperref/pd1enc.def
File: pd1enc.def 1999/10/05 v0.6 PDFDocEncoding (Heiko Oberdiek)
)
Package hyperref Info: Bookmarks ON on input line 1459.
Package hyperref Info: Hyper figures OFF on input line 1478.
Package hyperref Info: Link nesting OFF on input line 1483.
Package hyperref Info: Hyper index ON on input line 1486.
Package hyperref Info: Plain pages ON on input line 1491.
Package hyperref Info: Backreferencing OFF on input line 1498.

Implicit mode ON; LaTeX internals redefined
(/net/gsun492/Volumes/app/appman/share/texmf/tex/latex/misc/url.sty
Package: url 1999/03/02  ver 1.4  Verb mode for urls, email addresses, and file
 names
)
\Fld@menulength=\count99
\Field@Width=\dimen115
\Fld@charsize=\dimen116
\Choice@toks=\toks15
\Field@toks=\toks16
Package hyperref Info: Hyper figures OFF on input line 2108.
Package hyperref Info: Link nesting OFF on input line 2113.
Package hyperref Info: Hyper index ON on input line 2116.
Package hyperref Info: backreferencing OFF on input line 2123.
Package hyperref Info: Link coloring OFF on input line 2128.
\c@Item=\count100
\c@Hfootnote=\count101
)
*hyperref using default driver hpdftex*
(/net/gsun492/Volumes/app/appman/share/texmf/tex/latex/hyperref/hpdftex.def
(/net/gsun492/Volumes/app/appman/share/texmf/tex/latex/psnfss/pifont.sty
Package: pifont 1999/03/29 PSNFSS v.7.2 Pi font support : S Rahtz
LaTeX Font Info:    Try loading font information for U+pzd on input line 63.

(/net/gsun492/Volumes/app/appman/share/texmf/tex/latex/psnfss/upzd.fd
File: upzd.fd 1998/07/06 font definitions for U/pzd.
)
LaTeX Font Info:    Try loading font information for U+psy on input line 64.

(/net/gsun492/Volumes/app/appman/share/texmf/tex/latex/psnfss/upsy.fd
File: upsy.fd 1998/07/06 font definitions for U/psy.
))
\Fld@listcount=\count102
\@outlinefile=\write3
)
(/net/gsun492/Volumes/app/appman/share/texmf/tex/latex/ae/ae.sty
Package: ae 1998/11/17 1.0 Almost European Computer Modern

(/net/gsun492/Volumes/app/appman/share/texmf/tex/latex/base/fontenc.sty
Package: fontenc 1999/12/08 v1.9x Standard LaTeX package

(/net/gsun492/Volumes/app/appman/share/texmf/tex/latex/base/t1enc.def
File: t1enc.def 1999/12/08 v1.9x Standard LaTeX file
LaTeX Font Info:    Redeclaring font encoding T1 on input line 38.
)
LaTeX Font Info:    Try loading font information for T1+aer on input line 96.

(/net/gsun492/Volumes/app/appman/share/texmf/tex/latex/ae/t1aer.fd
File: t1aer.fd 1997/11/16 Font definitions for T1/aer.
)))
(/net/gsun492/Volumes/app/appman/share/texmf/tex/latex/mathpple/mathpple.sty
Package: mathpple 1999/04/19 v1.1 Palatino + math package (WaS)
\big@size=\dimen117
)
(/net/gsun492/Volumes/app/appman/share/texmf/tex/latex/base/fontenc.sty
Package: fontenc 1999/12/08 v1.9x Standard LaTeX package

(/net/gsun492/Volumes/app/appman/share/texmf/tex/latex/base/t1enc.def
File: t1enc.def 1999/12/08 v1.9x Standard LaTeX file
LaTeX Font Info:    Redeclaring font encoding T1 on input line 38.
))
\Rnews@box=\box52
\Rnews@len=\skip45

(/net/gsun492/Volumes/app/appman/share/texmf/tex/latex/base/alltt.sty
Package: alltt 1997/06/16 v2.0g defines alltt environment
)
(/net/gsun492/Volumes/app/appman/share/texmf/tex/latex/amsfonts/amsfonts.sty
Package: amsfonts 1997/09/17 v2.2e
\@emptytoks=\toks17
\symAMSa=\mathgroup4
\symAMSb=\mathgroup5
LaTeX Font Info:    Overwriting math alphabet `\mathfrak' in version `bold'
(Font)                  U/euf/m/n --> U/euf/b/n on input line 133.
))
(genetics_article.aux)
\openout1 = `genetics_article.aux'.

LaTeX Font Info:    Checking defaults for OML/cmm/m/it on input line 22.
LaTeX Font Info:    ... okay on input line 22.
LaTeX Font Info:    Checking defaults for T1/cmr/m/n on input line 22.
LaTeX Font Info:    ... okay on input line 22.
LaTeX Font Info:    Checking defaults for OT1/cmr/m/n on input line 22.
LaTeX Font Info:    ... okay on input line 22.
LaTeX Font Info:    Checking defaults for OMS/cmsy/m/n on input line 22.
LaTeX Font Info:    ... okay on input line 22.
LaTeX Font Info:    Checking defaults for OMX/cmex/m/n on input line 22.
LaTeX Font Info:    ... okay on input line 22.
LaTeX Font Info:    Checking defaults for U/cmr/m/n on input line 22.
LaTeX Font Info:    ... okay on input line 22.
LaTeX Font Info:    Checking defaults for PD1/pdf/m/n on input line 22.
LaTeX Font Info:    ... okay on input line 22.
LaTeX Font Info:    Try loading font information for T1+ppl on input line 22.

(/net/gsun492/Volumes/app/appman/share/texmf/tex/latex/psnfss/t1ppl.fd
File: t1ppl.fd 1998/07/06 Fontinst v1.800 font definitions for T1/ppl.
)
(/net/gsun492/Volumes/app/appman/share/texmf/tex/context/base/supp-pdf.tex
(/net/gsun492/Volumes/app/appman/share/texmf/tex/context/base/supp-mis.tex
loading : Context Support Macros / Missing
\protectiondepth=\count103
\scratchcounter=\count104
\scratchdimen=\dimen118
\scratchskip=\skip46
\scratchmuskip=\muskip10
\scratchbox=\box53
\scratchread=\read1
\scratchwrite=\write4
\nextbox=\box54
\nextdepth=\dimen119
\everyline=\toks18
\!!counta=\count105
\!!countb=\count106
\recursecounter=\count107
)
loading : Context Support Macros / PDF
\nofMPsegments=\count108
\nofMParguments=\count109
)
Package hyperref Info: Link coloring OFF on input line 22.
 (/net/gsun492/Volumes/app/appman/share/texmf/tex/latex/hyperref/nameref.sty
Package: nameref 2000/01/19 v2.17 Cross-referencing by name of section
\c@section@level=\count110
)
(genetics_article.out) (genetics_article.out)
\openout3 = `genetics_article.out'.

LaTeX Info: Redefining \ref on input line 22.
LaTeX Info: Redefining \pageref on input line 22.
LaTeX Font Info:    Font shape `T1/ppl/bx/n' in size <24.88> not available
(Font)              Font shape `T1/ppl/b/n' tried instead on input line 28.
LaTeX Font Info:    Font shape `T1/ppl/bx/n' in size <10> not available
(Font)              Font shape `T1/ppl/b/n' tried instead on input line 28.
LaTeX Font Info:    Font shape `T1/ppl/bx/n' in size <14.4> not available
(Font)              Font shape `T1/ppl/b/n' tried instead on input line 30.
LaTeX Font Info:    Try loading font information for T1+aett on input line 55.

(/net/gsun492/Volumes/app/appman/share/texmf/tex/latex/ae/t1aett.fd
File: t1aett.fd 1997/11/16 Font definitions for T1/aett.
)
LaTeX Font Info:    Try loading font information for OMS+ppl on input line 59.

(/net/gsun492/Volumes/app/appman/share/texmf/tex/latex/psnfss/omsppl.fd
File: omsppl.fd 
)
LaTeX Font Info:    Font shape `OMS/ppl/m/n' in size <10> not available
(Font)              Font shape `OMS/cmsy/m/n' tried instead on input line 59.

Overfull \hbox (0.6524pt too wide) in paragraph at lines 67--67
 []  \T1/aett/m/n/9 g1 <- genotype( c('A/A','A/C','C/C','C/A',[] 
 []


Overfull \hbox (0.6524pt too wide) in paragraph at lines 67--67
 []                     \T1/aett/m/n/9 NA,'A/A','A/C','A/C') )[] 
 []


Overfull \hbox (0.6524pt too wide) in paragraph at lines 67--67
 []  \T1/aett/m/n/9 g3 <- genotype( c('A A','A C','C C','C A',[] 
 []


Overfull \hbox (0.6524pt too wide) in paragraph at lines 76--76
 []                    \T1/aett/m/n/9 'AA','AC','AC'), sep=1 )[] 
 []


Overfull \hbox (0.6524pt too wide) in paragraph at lines 87--87
 []          \T1/aett/m/n/9 c('A','A','C','C','','A','A','A'),[] 
 []


Overfull \hbox (0.6524pt too wide) in paragraph at lines 97--97
 []          \T1/aett/m/n/9 c('A','A','C','C','','A','A','A'),[] 
 []


Overfull \hbox (5.36833pt too wide) in paragraph at lines 97--97
 []          \T1/aett/m/n/9 c('A','C','C','A','','A','C','C') )[] 
 []


Overfull \hbox (0.6524pt too wide) in paragraph at lines 128--128
 []\T1/aett/m/n/9 lm( outcome ~ allele.count(genotype.var,'A')[] 
 []

[1[/net/gsun492/Volumes/app/appman/share/texmf/dvips/config/pdftex.map]

]
Underfull \hbox (badness 10000) in paragraph at lines 187--195
[]\T1/ppl/m/n/10 Finally, there is of-ten ad-di-tional meta-
 []


Overfull \hbox (60.53906pt too wide) in paragraph at lines 382--382
[]        \T1/aett/m/n/9 The following object(s) are masked from package:base :
[] 
 []

[2]
Overfull \hbox (60.53906pt too wide) in paragraph at lines 382--382
[]\T1/aett/m/n/9 lm(formula = y ~ homozygote(g1, "C") + allele.count(g2, "G") +
[] 
 []


Overfull \hbox (51.10721pt too wide) in paragraph at lines 382--382
[]                        \T1/aett/m/n/9 Estimate Std. Error t value Pr(>|t|)[]
 
 []


Overfull \hbox (51.10721pt too wide) in paragraph at lines 382--382
[]\T1/aett/m/n/9 (Intercept)               0.3499     0.6229   0.562   0.5821[]
 
 []


Overfull \hbox (60.53906pt too wide) in paragraph at lines 382--382
[]\T1/aett/m/n/9 homozygote(g1, "C")TRUE   1.2124     0.4778   2.537   0.0220 *
[] 
 []


Overfull \hbox (51.10721pt too wide) in paragraph at lines 382--382
[]\T1/aett/m/n/9 allele.count(g2, "G")     0.1193     0.2429   0.491   0.6298[]
 
 []


Overfull \hbox (51.10721pt too wide) in paragraph at lines 382--382
[]\T1/aett/m/n/9 g3T/T                    -0.7724     0.6414  -1.204   0.2460[]
 
 []


Overfull \hbox (60.53906pt too wide) in paragraph at lines 382--382
[]\T1/aett/m/n/9 Signif. codes:  0 `***' 0.001 `**' 0.01 `*' 0.05 `.' 0.1 ` ' 1
[] 
 []


Overfull \hbox (27.52757pt too wide) in paragraph at lines 382--382
[]\T1/aett/m/n/9 Residual standard error: 1.013 on 16 degrees of freedom[] 
 []


Overfull \hbox (41.67535pt too wide) in paragraph at lines 382--382
[]\T1/aett/m/n/9 Multiple R-Squared: 0.3405,     Adjusted R-squared: 0.2169[] 
 []


Overfull \hbox (13.37979pt too wide) in paragraph at lines 382--382
[]\T1/aett/m/n/9 F-statistic: 2.754 on 3 and 16 DF,  p-value: 0.07661[] 
 []

LaTeX Font Info:    Try loading font information for OT1+zpple on input line 39
8.
(/net/gsun492/Volumes/app/appman/share/texmf/tex/latex/mathpple/ot1zpple.fd
File: ot1zpple.fd 1999/04/05 Fontinst v1.801 font definitions for OT1/zpple.
)
LaTeX Font Info:    Try loading font information for OML+zpple on input line 39
8.

(/net/gsun492/Volumes/app/appman/share/texmf/tex/latex/mathpple/omlzpple.fd
File: omlzpple.fd 1999/04/05 Fontinst v1.801 font definitions for OML/zpple.
)
LaTeX Font Info:    Try loading font information for OMS+zpple on input line 39
8.

(/net/gsun492/Volumes/app/appman/share/texmf/tex/latex/mathpple/omszpple.fd
File: omszpple.fd 1999/04/05 Fontinst v1.801 font definitions for OMS/zpple.
)
LaTeX Font Info:    Try loading font information for OMX+zpple on input line 39
8.

(/net/gsun492/Volumes/app/appman/share/texmf/tex/latex/mathpple/omxzpple.fd
File: omxzpple.fd 1999/04/05 Fontinst v1.801 font definitions for OMX/zpple.
)
LaTeX Font Info:    Font shape `U/msa/m/n' will be
(Font)              scaled to size 10.42007pt on input line 398.
LaTeX Font Info:    Font shape `U/msa/m/n' will be
(Font)              scaled to size 7.29405pt on input line 398.
LaTeX Font Info:    Font shape `U/msa/m/n' will be
(Font)              scaled to size 5.21004pt on input line 398.
LaTeX Font Info:    Font shape `U/msb/m/n' will be
(Font)              scaled to size 10.42007pt on input line 398.
LaTeX Font Info:    Font shape `U/msb/m/n' will be
(Font)              scaled to size 7.29405pt on input line 398.
LaTeX Font Info:    Font shape `U/msb/m/n' will be
(Font)              scaled to size 5.21004pt on input line 398.

[3] (genetics_article.aux) ) 
Here is how much of TeX's memory you used:
 2948 strings out of 10631
 37554 string characters out of 67682
 103287 words of memory out of 263001
 5877 multiletter control sequences out of 10000+0
 25838 words of font info for 58 fonts, out of 400000 for 1000
 14 hyphenation exceptions out of 1000
 37i,11n,44p,249b,655s stack positions out of 300i,100n,500p,50000b,4000s
<cmtt9.pfb><cmsy10.pfb><cmtt10.pfb><8r.enc><uplr8a.
pfb><uplri8a.pfb><uplb8a.pfb><uplr8a.pfb>
Output written on genetics_article.pdf (3 pages, 145903 bytes).
