Warning message: 
Unable to read input file name from the environment
variable '$ALLELE_INPUT_FILENAME'. Using 'input.data.txt' instead.
 

Reading data file 'test.data.txt' ...
99  rows and  4  columns were read. 

Column names are:  Patient.ID Locus Marker Genotype 
Note: Spaces and '<-' characters are converted to periods ('.') 

+-------------------------------------
|	Gene:	  P53 
|	Marker:	  C1556G 
+-------------------------------------

Allele Frequency:
   Count Proportion
C      6  0.0909091
G     60  0.9090909
NA     0         NA

Genotype Frequency:
    Count Proportion
G/C     6  0.1818182
G/G    27  0.8181818
NA      0         NA


+-------------------------------------
|	Gene:	  P53 
|	Marker:	  T127A 
+-------------------------------------

Allele Frequency:
   Count Proportion
A     46  0.6969697
T     20  0.3030303
NA     0         NA

Genotype Frequency:
    Count Proportion
A/A    17  0.5151515
A/T    12  0.3636364
T/T     4  0.1212121
NA      0         NA


+-------------------------------------
|	Gene:	  P53 
|	Marker:	  T5094A 
+-------------------------------------

Allele Frequency:
   Count Proportion
A     56  0.8484848
T     10  0.1515152
NA     0         NA

Genotype Frequency:
    Count Proportion
A/A    23  0.6969697
A/T    10  0.3030303
NA      0         NA


